<?xml version="1.0" encoding="UTF-8"?>
<testsuite xmlns:xsi="http://www.w3.org/2001/XMLSchema-instance" xsi:noNamespaceSchemaLocation="https://maven.apache.org/surefire/maven-surefire-plugin/xsd/surefire-test-report-3.0.xsd" version="3.0" name="TestSuite" time="170.875" tests="7" errors="0" skipped="4" failures="3">
  <properties>
[...]
</properties>
  <testcase name="ValidloginTest" classname="modules.Login" time="78.383">
    <failure message="An element could not be located on the page using the given search parameters.&#10;For documentation on this error, please visit: https://www.seleniumhq.org/exceptions/no_such_element.html&#10;Build info: version: &apos;3.141.59&apos;, revision: &apos;e82be7d358&apos;, time: &apos;2018-11-14T08:17:03&apos;&#10;System info: host: &apos;Fatimahs-MacBook-Pro.local&apos;, ip: &apos;fe80:0:0:0:14e7:f928:ac00:1885%en0&apos;, os.name: &apos;Mac OS X&apos;, os.arch: &apos;aarch64&apos;, os.version: &apos;11.2.3&apos;, java.version: &apos;11.0.16.1&apos;&#10;Driver info: io.appium.java_client.android.AndroidDriver&#10;Capabilities {app: /Users/onomoh1/Desktop/Pers..., appPackage: com.eyowo.android.debug, automationName: uiautomator2, databaseEnabled: false, desired: {app: /Users/onomoh1/Desktop/Pers..., automationName: uiautomator2, deviceName: Emulator, newCommandTimeout: 2913, platformName: android, platformVersion: 12.0}, deviceApiLevel: 31, deviceManufacturer: Google, deviceModel: sdk_gphone64_arm64, deviceName: emulator-5554, deviceScreenDensity: 440, deviceScreenSize: 1080x2340, deviceUDID: emulator-5554, javascriptEnabled: true, locationContextEnabled: false, networkConnectionEnabled: true, newCommandTimeout: 2913, pixelRatio: 2.75, platform: LINUX, platformName: Android, platformVersion: 12, statBarHeight: 66, takesScreenshot: true, viewportRect: {height: 2142, left: 0, top: 66, width: 1080}, warnings: {}, webStorageEnabled: false}&#10;Session ID: 4703be94-5d64-416f-9610-a9a2abf5c72e&#10;*** Element info: {Using=xpath, value=/hierarchy/android.widget.FrameLayout/android.widget.LinearLayout/android.widget.FrameLayout/android.widget.LinearLayout/android.widget.FrameLayout/android.widget.LinearLayout/android.view.ViewGroup/android.widget.FrameLayout/android.widget.FrameLayout/android.view.ViewGroup/android.widget.FrameLayout/android.widget.EditText}" type="org.openqa.selenium.NoSuchElementException"><![CDATA[org.openqa.selenium.NoSuchElementException: 
An element could not be located on the page using the given search parameters.
For documentation on this error, please visit: https://www.seleniumhq.org/exceptions/no_such_element.html
Build info: version: '3.141.59', revision: 'e82be7d358', time: '2018-11-14T08:17:03'
System info: host: 'Fatimahs-MacBook-Pro.local', ip: 'fe80:0:0:0:14e7:f928:ac00:1885%en0', os.name: 'Mac OS X', os.arch: 'aarch64', os.version: '11.2.3', java.version: '11.0.16.1'
Driver info: io.appium.java_client.android.AndroidDriver
Capabilities {app: /Users/onomoh1/Desktop/Pers..., appPackage: com.eyowo.android.debug, automationName: uiautomator2, databaseEnabled: false, desired: {app: /Users/onomoh1/Desktop/Pers..., automationName: uiautomator2, deviceName: Emulator, newCommandTimeout: 2913, platformName: android, platformVersion: 12.0}, deviceApiLevel: 31, deviceManufacturer: Google, deviceModel: sdk_gphone64_arm64, deviceName: emulator-5554, deviceScreenDensity: 440, deviceScreenSize: 1080x2340, deviceUDID: emulator-5554, javascriptEnabled: true, locationContextEnabled: false, networkConnectionEnabled: true, newCommandTimeout: 2913, pixelRatio: 2.75, platform: LINUX, platformName: Android, platformVersion: 12, statBarHeight: 66, takesScreenshot: true, viewportRect: {height: 2142, left: 0, top: 66, width: 1080}, warnings: {}, webStorageEnabled: false}
Session ID: 4703be94-5d64-416f-9610-a9a2abf5c72e
*** Element info: {Using=xpath, value=/hierarchy/android.widget.FrameLayout/android.widget.LinearLayout/android.widget.FrameLayout/android.widget.LinearLayout/android.widget.FrameLayout/android.widget.LinearLayout/android.view.ViewGroup/android.widget.FrameLayout/android.widget.FrameLayout/android.view.ViewGroup/android.widget.FrameLayout/android.widget.EditText}
	at modules.Login.ValidloginTest(Login.java:63)
]]></failure>
    <system-out><![CDATA[Config file loaded !!!
go button clicked
Phone no passed into text field
continue button clicked
]]></system-out>
    <system-err><![CDATA[Jun 20, 2023 3:39:47 PM io.appium.java_client.remote.AppiumCommandExecutor$1 lambda$0
INFO: Detected dialect: W3C
Jun 20, 2023 3:39:55 PM io.appium.java_client.remote.AppiumCommandExecutor$1 lambda$0
INFO: Detected dialect: W3C
]]></system-err>
  </testcase>
  <testcase name="InvalidloginTest" classname="modules.Login" time="78.823">
    <failure message="An element could not be located on the page using the given search parameters.&#10;For documentation on this error, please visit: https://www.seleniumhq.org/exceptions/no_such_element.html&#10;Build info: version: &apos;3.141.59&apos;, revision: &apos;e82be7d358&apos;, time: &apos;2018-11-14T08:17:03&apos;&#10;System info: host: &apos;Fatimahs-MacBook-Pro.local&apos;, ip: &apos;fe80:0:0:0:14e7:f928:ac00:1885%en0&apos;, os.name: &apos;Mac OS X&apos;, os.arch: &apos;aarch64&apos;, os.version: &apos;11.2.3&apos;, java.version: &apos;11.0.16.1&apos;&#10;Driver info: io.appium.java_client.android.AndroidDriver&#10;Capabilities {app: /Users/onomoh1/Desktop/Pers..., appPackage: com.eyowo.android.debug, automationName: uiautomator2, databaseEnabled: false, desired: {app: /Users/onomoh1/Desktop/Pers..., automationName: uiautomator2, deviceName: Emulator, newCommandTimeout: 2913, platformName: android, platformVersion: 12.0}, deviceApiLevel: 31, deviceManufacturer: Google, deviceModel: sdk_gphone64_arm64, deviceName: emulator-5554, deviceScreenDensity: 440, deviceScreenSize: 1080x2340, deviceUDID: emulator-5554, javascriptEnabled: true, locationContextEnabled: false, networkConnectionEnabled: true, newCommandTimeout: 2913, pixelRatio: 2.75, platform: LINUX, platformName: Android, platformVersion: 12, statBarHeight: 66, takesScreenshot: true, viewportRect: {height: 2142, left: 0, top: 66, width: 1080}, warnings: {}, webStorageEnabled: false}&#10;Session ID: ade72f81-ca5e-4d89-b098-5602a3b1e9a9&#10;*** Element info: {Using=xpath, value=/hierarchy/android.widget.FrameLayout/android.widget.LinearLayout/android.widget.FrameLayout/android.widget.LinearLayout/android.widget.FrameLayout/android.widget.LinearLayout/android.view.ViewGroup/android.widget.FrameLayout/android.widget.FrameLayout/android.view.ViewGroup/android.widget.FrameLayout/android.widget.EditText}" type="org.openqa.selenium.NoSuchElementException"><![CDATA[org.openqa.selenium.NoSuchElementException: 
An element could not be located on the page using the given search parameters.
For documentation on this error, please visit: https://www.seleniumhq.org/exceptions/no_such_element.html
Build info: version: '3.141.59', revision: 'e82be7d358', time: '2018-11-14T08:17:03'
System info: host: 'Fatimahs-MacBook-Pro.local', ip: 'fe80:0:0:0:14e7:f928:ac00:1885%en0', os.name: 'Mac OS X', os.arch: 'aarch64', os.version: '11.2.3', java.version: '11.0.16.1'
Driver info: io.appium.java_client.android.AndroidDriver
Capabilities {app: /Users/onomoh1/Desktop/Pers..., appPackage: com.eyowo.android.debug, automationName: uiautomator2, databaseEnabled: false, desired: {app: /Users/onomoh1/Desktop/Pers..., automationName: uiautomator2, deviceName: Emulator, newCommandTimeout: 2913, platformName: android, platformVersion: 12.0}, deviceApiLevel: 31, deviceManufacturer: Google, deviceModel: sdk_gphone64_arm64, deviceName: emulator-5554, deviceScreenDensity: 440, deviceScreenSize: 1080x2340, deviceUDID: emulator-5554, javascriptEnabled: true, locationContextEnabled: false, networkConnectionEnabled: true, newCommandTimeout: 2913, pixelRatio: 2.75, platform: LINUX, platformName: Android, platformVersion: 12, statBarHeight: 66, takesScreenshot: true, viewportRect: {height: 2142, left: 0, top: 66, width: 1080}, warnings: {}, webStorageEnabled: false}
Session ID: ade72f81-ca5e-4d89-b098-5602a3b1e9a9
*** Element info: {Using=xpath, value=/hierarchy/android.widget.FrameLayout/android.widget.LinearLayout/android.widget.FrameLayout/android.widget.LinearLayout/android.widget.FrameLayout/android.widget.LinearLayout/android.view.ViewGroup/android.widget.FrameLayout/android.widget.FrameLayout/android.view.ViewGroup/android.widget.FrameLayout/android.widget.EditText}
	at modules.Login.InvalidloginTest(Login.java:114)
]]></failure>
    <system-out><![CDATA[go button clicked
Phone no passed into text field
continue button clicked
]]></system-out>
    <system-err><![CDATA[Jun 20, 2023 3:41:15 PM io.appium.java_client.remote.AppiumCommandExecutor$1 lambda$0
INFO: Detected dialect: W3C
]]></system-err>
  </testcase>
  <testcase name="Capabilities" classname="modules.SignUp" time="81.471">
    <failure message="Unable to create a new remote session. Please check the server log for more details. Original error: An unknown server-side error occurred while processing the command. Original error: Error finding if &apos;com.eyowo.android.debug&apos; is installed. Original error: Error executing adbExec. Original error: &apos;Stdout &apos;read&apos; error: Error: read EFAULT&#10;    at Pipe.onStreamRead (internal/stream_base_commons.js:205:27)&apos;; Command output: &lt;empty&gt;&#10;Build info: version: &apos;3.141.59&apos;, revision: &apos;e82be7d358&apos;, time: &apos;2018-11-14T08:17:03&apos;&#10;System info: host: &apos;Fatimahs-MacBook-Pro.local&apos;, ip: &apos;fe80:0:0:0:14e7:f928:ac00:1885%en0&apos;, os.name: &apos;Mac OS X&apos;, os.arch: &apos;aarch64&apos;, os.version: &apos;11.2.3&apos;, java.version: &apos;11.0.16.1&apos;&#10;Driver info: driver.version: AndroidDriver&#10;remote stacktrace: UnknownError: An unknown server-side error occurred while processing the command. Original error: Error finding if &apos;com.eyowo.android.debug&apos; is installed. Original error: Error executing adbExec. Original error: &apos;Stdout &apos;read&apos; error: Error: read EFAULT&#10;    at Pipe.onStreamRead (internal/stream_base_commons.js:205:27)&apos;; Command output: &lt;empty&gt;&#10;    at getResponseForW3CError (/Applications/Appium Server GUI.app/Contents/Resources/app/node_modules/appium/node_modules/appium-base-driver/lib/protocol/errors.js:804:9)&#10;    at asyncHandler (/Applications/Appium Server GUI.app/Contents/Resources/app/node_modules/appium/node_modules/appium-base-driver/lib/protocol/protocol.js:380:37)&#10;Build info: version: &apos;3.141.59&apos;, revision: &apos;e82be7d358&apos;, time: &apos;2018-11-14T08:17:03&apos;&#10;System info: host: &apos;Fatimahs-MacBook-Pro.local&apos;, ip: &apos;fe80:0:0:0:14e7:f928:ac00:1885%en0&apos;, os.name: &apos;Mac OS X&apos;, os.arch: &apos;aarch64&apos;, os.version: &apos;11.2.3&apos;, java.version: &apos;11.0.16.1&apos;&#10;Driver info: driver.version: AndroidDriver" type="org.openqa.selenium.SessionNotCreatedException"><![CDATA[org.openqa.selenium.SessionNotCreatedException: 
Unable to create a new remote session. Please check the server log for more details. Original error: An unknown server-side error occurred while processing the command. Original error: Error finding if 'com.eyowo.android.debug' is installed. Original error: Error executing adbExec. Original error: 'Stdout 'read' error: Error: read EFAULT
    at Pipe.onStreamRead (internal/stream_base_commons.js:205:27)'; Command output: <empty>
Build info: version: '3.141.59', revision: 'e82be7d358', time: '2018-11-14T08:17:03'
System info: host: 'Fatimahs-MacBook-Pro.local', ip: 'fe80:0:0:0:14e7:f928:ac00:1885%en0', os.name: 'Mac OS X', os.arch: 'aarch64', os.version: '11.2.3', java.version: '11.0.16.1'
Driver info: driver.version: AndroidDriver
remote stacktrace: UnknownError: An unknown server-side error occurred while processing the command. Original error: Error finding if 'com.eyowo.android.debug' is installed. Original error: Error executing adbExec. Original error: 'Stdout 'read' error: Error: read EFAULT
    at Pipe.onStreamRead (internal/stream_base_commons.js:205:27)'; Command output: <empty>
    at getResponseForW3CError (/Applications/Appium Server GUI.app/Contents/Resources/app/node_modules/appium/node_modules/appium-base-driver/lib/protocol/errors.js:804:9)
    at asyncHandler (/Applications/Appium Server GUI.app/Contents/Resources/app/node_modules/appium/node_modules/appium-base-driver/lib/protocol/protocol.js:380:37)
Build info: version: '3.141.59', revision: 'e82be7d358', time: '2018-11-14T08:17:03'
System info: host: 'Fatimahs-MacBook-Pro.local', ip: 'fe80:0:0:0:14e7:f928:ac00:1885%en0', os.name: 'Mac OS X', os.arch: 'aarch64', os.version: '11.2.3', java.version: '11.0.16.1'
Driver info: driver.version: AndroidDriver
Caused by: java.lang.reflect.InvocationTargetException
Caused by: org.openqa.selenium.WebDriverException: 
An unknown server-side error occurred while processing the command. Original error: Error finding if 'com.eyowo.android.debug' is installed. Original error: Error executing adbExec. Original error: 'Stdout 'read' error: Error: read EFAULT
    at Pipe.onStreamRead (internal/stream_base_commons.js:205:27)'; Command output: <empty>
Build info: version: '3.141.59', revision: 'e82be7d358', time: '2018-11-14T08:17:03'
System info: host: 'Fatimahs-MacBook-Pro.local', ip: 'fe80:0:0:0:14e7:f928:ac00:1885%en0', os.name: 'Mac OS X', os.arch: 'aarch64', os.version: '11.2.3', java.version: '11.0.16.1'
Driver info: driver.version: AndroidDriver
remote stacktrace: UnknownError: An unknown server-side error occurred while processing the command. Original error: Error finding if 'com.eyowo.android.debug' is installed. Original error: Error executing adbExec. Original error: 'Stdout 'read' error: Error: read EFAULT
    at Pipe.onStreamRead (internal/stream_base_commons.js:205:27)'; Command output: <empty>
    at getResponseForW3CError (/Applications/Appium Server GUI.app/Contents/Resources/app/node_modules/appium/node_modules/appium-base-driver/lib/protocol/errors.js:804:9)
    at asyncHandler (/Applications/Appium Server GUI.app/Contents/Resources/app/node_modules/appium/node_modules/appium-base-driver/lib/protocol/protocol.js:380:37)
]]></failure>
  </testcase>
  <testcase name="setUp2" classname="modules.SignUp" time="0">
    <skipped/>
  </testcase>
  <testcase name="register" classname="modules.SignUp" time="0">
    <skipped/>
  </testcase>
  <testcase name="SignUpTest" classname="modules.SignUp" time="0">
    <skipped message="Unable to create a new remote session. Please check the server log for more details. Original error: An unknown server-side error occurred while processing the command. Original error: Error finding if &apos;com.eyowo.android.debug&apos; is installed. Original error: Error executing adbExec. Original error: &apos;Stdout &apos;read&apos; error: Error: read EFAULT&#10;    at Pipe.onStreamRead (internal/stream_base_commons.js:205:27)&apos;; Command output: &lt;empty&gt;&#10;Build info: version: &apos;3.141.59&apos;, revision: &apos;e82be7d358&apos;, time: &apos;2018-11-14T08:17:03&apos;&#10;System info: host: &apos;Fatimahs-MacBook-Pro.local&apos;, ip: &apos;fe80:0:0:0:14e7:f928:ac00:1885%en0&apos;, os.name: &apos;Mac OS X&apos;, os.arch: &apos;aarch64&apos;, os.version: &apos;11.2.3&apos;, java.version: &apos;11.0.16.1&apos;&#10;Driver info: driver.version: AndroidDriver&#10;remote stacktrace: UnknownError: An unknown server-side error occurred while processing the command. Original error: Error finding if &apos;com.eyowo.android.debug&apos; is installed. Original error: Error executing adbExec. Original error: &apos;Stdout &apos;read&apos; error: Error: read EFAULT&#10;    at Pipe.onStreamRead (internal/stream_base_commons.js:205:27)&apos;; Command output: &lt;empty&gt;&#10;    at getResponseForW3CError (/Applications/Appium Server GUI.app/Contents/Resources/app/node_modules/appium/node_modules/appium-base-driver/lib/protocol/errors.js:804:9)&#10;    at asyncHandler (/Applications/Appium Server GUI.app/Contents/Resources/app/node_modules/appium/node_modules/appium-base-driver/lib/protocol/protocol.js:380:37)&#10;Build info: version: &apos;3.141.59&apos;, revision: &apos;e82be7d358&apos;, time: &apos;2018-11-14T08:17:03&apos;&#10;System info: host: &apos;Fatimahs-MacBook-Pro.local&apos;, ip: &apos;fe80:0:0:0:14e7:f928:ac00:1885%en0&apos;, os.name: &apos;Mac OS X&apos;, os.arch: &apos;aarch64&apos;, os.version: &apos;11.2.3&apos;, java.version: &apos;11.0.16.1&apos;&#10;Driver info: driver.version: AndroidDriver"/>
  </testcase>
  <testcase name="captureStatus" classname="modules.SignUp" time="0">
    <skipped/>
  </testcase>
</testsuite>