<?xml version="1.0" encoding="UTF-8"?>
<testsuite xmlns:xsi="http://www.w3.org/2001/XMLSchema-instance" xsi:noNamespaceSchemaLocation="https://maven.apache.org/surefire/maven-surefire-plugin/xsd/surefire-test-report-3.0.xsd" version="3.0" name="TestSuite" time="188.728" tests="3" errors="0" skipped="0" failures="3">
  <properties>
[...]
</properties>
  <testcase name="ValidloginTest" classname="modules.Login" time="55.996">
    <failure message="An element could not be located on the page using the given search parameters.&#10;For documentation on this error, please visit: https://www.seleniumhq.org/exceptions/no_such_element.html&#10;Build info: version: &apos;3.141.59&apos;, revision: &apos;e82be7d358&apos;, time: &apos;2018-11-14T08:17:03&apos;&#10;System info: host: &apos;Fatimahs-MacBook-Pro.local&apos;, ip: &apos;fe80:0:0:0:14e7:f928:ac00:1885%en0&apos;, os.name: &apos;Mac OS X&apos;, os.arch: &apos;aarch64&apos;, os.version: &apos;11.2.3&apos;, java.version: &apos;11.0.16.1&apos;&#10;Driver info: io.appium.java_client.android.AndroidDriver&#10;Capabilities {app: /Users/onomoh1/Desktop/Pers..., appPackage: ng.softcom.kwiksell.lite, automationName: uiautomator2, databaseEnabled: false, desired: {app: /Users/onomoh1/Desktop/Pers..., automationName: uiautomator2, deviceName: Emulator, newCommandTimeout: 2913, platformName: android, platformVersion: 12.0}, deviceApiLevel: 31, deviceManufacturer: Google, deviceModel: sdk_gphone64_arm64, deviceName: emulator-5554, deviceScreenDensity: 440, deviceScreenSize: 1080x2340, deviceUDID: emulator-5554, javascriptEnabled: true, locationContextEnabled: false, networkConnectionEnabled: true, newCommandTimeout: 2913, pixelRatio: 2.75, platform: LINUX, platformName: Android, platformVersion: 12, statBarHeight: 66, takesScreenshot: true, viewportRect: {height: 2142, left: 0, top: 66, width: 1080}, warnings: {}, webStorageEnabled: false}&#10;Session ID: 0dc4aa55-31ef-4d93-b123-1795574a62f2&#10;*** Element info: {Using=id, value=com.eyowo.android.debug:id/got_it}" type="org.openqa.selenium.NoSuchElementException"><![CDATA[org.openqa.selenium.NoSuchElementException: 
An element could not be located on the page using the given search parameters.
For documentation on this error, please visit: https://www.seleniumhq.org/exceptions/no_such_element.html
Build info: version: '3.141.59', revision: 'e82be7d358', time: '2018-11-14T08:17:03'
System info: host: 'Fatimahs-MacBook-Pro.local', ip: 'fe80:0:0:0:14e7:f928:ac00:1885%en0', os.name: 'Mac OS X', os.arch: 'aarch64', os.version: '11.2.3', java.version: '11.0.16.1'
Driver info: io.appium.java_client.android.AndroidDriver
Capabilities {app: /Users/onomoh1/Desktop/Pers..., appPackage: ng.softcom.kwiksell.lite, automationName: uiautomator2, databaseEnabled: false, desired: {app: /Users/onomoh1/Desktop/Pers..., automationName: uiautomator2, deviceName: Emulator, newCommandTimeout: 2913, platformName: android, platformVersion: 12.0}, deviceApiLevel: 31, deviceManufacturer: Google, deviceModel: sdk_gphone64_arm64, deviceName: emulator-5554, deviceScreenDensity: 440, deviceScreenSize: 1080x2340, deviceUDID: emulator-5554, javascriptEnabled: true, locationContextEnabled: false, networkConnectionEnabled: true, newCommandTimeout: 2913, pixelRatio: 2.75, platform: LINUX, platformName: Android, platformVersion: 12, statBarHeight: 66, takesScreenshot: true, viewportRect: {height: 2142, left: 0, top: 66, width: 1080}, warnings: {}, webStorageEnabled: false}
Session ID: 0dc4aa55-31ef-4d93-b123-1795574a62f2
*** Element info: {Using=id, value=com.eyowo.android.debug:id/got_it}
	at modules.Login.ValidloginTest(Login.java:46)
]]></failure>
    <system-out><![CDATA[Config file loaded !!!
]]></system-out>
    <system-err><![CDATA[Jun 22, 2023 10:03:42 PM io.appium.java_client.remote.AppiumCommandExecutor$1 lambda$0
INFO: Detected dialect: W3C
Jun 22, 2023 10:03:48 PM io.appium.java_client.remote.AppiumCommandExecutor$1 lambda$0
INFO: Detected dialect: W3C
]]></system-err>
  </testcase>
  <testcase name="InvalidloginTest" classname="modules.Login" time="58.874">
    <failure message="An element could not be located on the page using the given search parameters.&#10;For documentation on this error, please visit: https://www.seleniumhq.org/exceptions/no_such_element.html&#10;Build info: version: &apos;3.141.59&apos;, revision: &apos;e82be7d358&apos;, time: &apos;2018-11-14T08:17:03&apos;&#10;System info: host: &apos;Fatimahs-MacBook-Pro.local&apos;, ip: &apos;fe80:0:0:0:14e7:f928:ac00:1885%en0&apos;, os.name: &apos;Mac OS X&apos;, os.arch: &apos;aarch64&apos;, os.version: &apos;11.2.3&apos;, java.version: &apos;11.0.16.1&apos;&#10;Driver info: io.appium.java_client.android.AndroidDriver&#10;Capabilities {app: /Users/onomoh1/Desktop/Pers..., appPackage: ng.softcom.kwiksell.lite, automationName: uiautomator2, databaseEnabled: false, desired: {app: /Users/onomoh1/Desktop/Pers..., automationName: uiautomator2, deviceName: Emulator, newCommandTimeout: 2913, platformName: android, platformVersion: 12.0}, deviceApiLevel: 31, deviceManufacturer: Google, deviceModel: sdk_gphone64_arm64, deviceName: emulator-5554, deviceScreenDensity: 440, deviceScreenSize: 1080x2340, deviceUDID: emulator-5554, javascriptEnabled: true, locationContextEnabled: false, networkConnectionEnabled: true, newCommandTimeout: 2913, pixelRatio: 2.75, platform: LINUX, platformName: Android, platformVersion: 12, statBarHeight: 66, takesScreenshot: true, viewportRect: {height: 2142, left: 0, top: 66, width: 1080}, warnings: {}, webStorageEnabled: false}&#10;Session ID: dd3f412f-2538-4a4e-b059-95018328b3bb&#10;*** Element info: {Using=id, value=com.eyowo.android.debug:id/got_it}" type="org.openqa.selenium.NoSuchElementException"><![CDATA[org.openqa.selenium.NoSuchElementException: 
An element could not be located on the page using the given search parameters.
For documentation on this error, please visit: https://www.seleniumhq.org/exceptions/no_such_element.html
Build info: version: '3.141.59', revision: 'e82be7d358', time: '2018-11-14T08:17:03'
System info: host: 'Fatimahs-MacBook-Pro.local', ip: 'fe80:0:0:0:14e7:f928:ac00:1885%en0', os.name: 'Mac OS X', os.arch: 'aarch64', os.version: '11.2.3', java.version: '11.0.16.1'
Driver info: io.appium.java_client.android.AndroidDriver
Capabilities {app: /Users/onomoh1/Desktop/Pers..., appPackage: ng.softcom.kwiksell.lite, automationName: uiautomator2, databaseEnabled: false, desired: {app: /Users/onomoh1/Desktop/Pers..., automationName: uiautomator2, deviceName: Emulator, newCommandTimeout: 2913, platformName: android, platformVersion: 12.0}, deviceApiLevel: 31, deviceManufacturer: Google, deviceModel: sdk_gphone64_arm64, deviceName: emulator-5554, deviceScreenDensity: 440, deviceScreenSize: 1080x2340, deviceUDID: emulator-5554, javascriptEnabled: true, locationContextEnabled: false, networkConnectionEnabled: true, newCommandTimeout: 2913, pixelRatio: 2.75, platform: LINUX, platformName: Android, platformVersion: 12, statBarHeight: 66, takesScreenshot: true, viewportRect: {height: 2142, left: 0, top: 66, width: 1080}, warnings: {}, webStorageEnabled: false}
Session ID: dd3f412f-2538-4a4e-b059-95018328b3bb
*** Element info: {Using=id, value=com.eyowo.android.debug:id/got_it}
	at modules.Login.InvalidloginTest(Login.java:97)
]]></failure>
    <system-err><![CDATA[Jun 22, 2023 10:04:47 PM io.appium.java_client.remote.AppiumCommandExecutor$1 lambda$0
INFO: Detected dialect: W3C
]]></system-err>
  </testcase>
  <testcase name="SignUpTest" classname="modules.SignUp" time="56.145">
    <failure message="An element could not be located on the page using the given search parameters.&#10;For documentation on this error, please visit: https://www.seleniumhq.org/exceptions/no_such_element.html&#10;Build info: version: &apos;3.141.59&apos;, revision: &apos;e82be7d358&apos;, time: &apos;2018-11-14T08:17:03&apos;&#10;System info: host: &apos;Fatimahs-MacBook-Pro.local&apos;, ip: &apos;fe80:0:0:0:14e7:f928:ac00:1885%en0&apos;, os.name: &apos;Mac OS X&apos;, os.arch: &apos;aarch64&apos;, os.version: &apos;11.2.3&apos;, java.version: &apos;11.0.16.1&apos;&#10;Driver info: io.appium.java_client.android.AndroidDriver&#10;Capabilities {app: /Users/onomoh1/Desktop/Pers..., appPackage: ng.softcom.kwiksell.lite, automationName: uiautomator2, databaseEnabled: false, desired: {app: /Users/onomoh1/Desktop/Pers..., automationName: uiautomator2, deviceName: Emulator, newCommandTimeout: 2913, platformName: android, platformVersion: 12.0}, deviceApiLevel: 31, deviceManufacturer: Google, deviceModel: sdk_gphone64_arm64, deviceName: emulator-5554, deviceScreenDensity: 440, deviceScreenSize: 1080x2340, deviceUDID: emulator-5554, javascriptEnabled: true, locationContextEnabled: false, networkConnectionEnabled: true, newCommandTimeout: 2913, pixelRatio: 2.75, platform: LINUX, platformName: Android, platformVersion: 12, statBarHeight: 66, takesScreenshot: true, viewportRect: {height: 2142, left: 0, top: 66, width: 1080}, warnings: {}, webStorageEnabled: false}&#10;Session ID: 860cea0c-ae1f-440b-97e2-0f046a478556&#10;*** Element info: {Using=id, value=com.eyowo.android.debug:id/got_it}" type="org.openqa.selenium.NoSuchElementException"><![CDATA[org.openqa.selenium.NoSuchElementException: 
An element could not be located on the page using the given search parameters.
For documentation on this error, please visit: https://www.seleniumhq.org/exceptions/no_such_element.html
Build info: version: '3.141.59', revision: 'e82be7d358', time: '2018-11-14T08:17:03'
System info: host: 'Fatimahs-MacBook-Pro.local', ip: 'fe80:0:0:0:14e7:f928:ac00:1885%en0', os.name: 'Mac OS X', os.arch: 'aarch64', os.version: '11.2.3', java.version: '11.0.16.1'
Driver info: io.appium.java_client.android.AndroidDriver
Capabilities {app: /Users/onomoh1/Desktop/Pers..., appPackage: ng.softcom.kwiksell.lite, automationName: uiautomator2, databaseEnabled: false, desired: {app: /Users/onomoh1/Desktop/Pers..., automationName: uiautomator2, deviceName: Emulator, newCommandTimeout: 2913, platformName: android, platformVersion: 12.0}, deviceApiLevel: 31, deviceManufacturer: Google, deviceModel: sdk_gphone64_arm64, deviceName: emulator-5554, deviceScreenDensity: 440, deviceScreenSize: 1080x2340, deviceUDID: emulator-5554, javascriptEnabled: true, locationContextEnabled: false, networkConnectionEnabled: true, newCommandTimeout: 2913, pixelRatio: 2.75, platform: LINUX, platformName: Android, platformVersion: 12, statBarHeight: 66, takesScreenshot: true, viewportRect: {height: 2142, left: 0, top: 66, width: 1080}, warnings: {}, webStorageEnabled: false}
Session ID: 860cea0c-ae1f-440b-97e2-0f046a478556
*** Element info: {Using=id, value=com.eyowo.android.debug:id/got_it}
	at modules.SignUp.SignUpTest(SignUp.java:36)
]]></failure>
    <system-out><![CDATA[Config file loaded !!!
]]></system-out>
    <system-err><![CDATA[Jun 22, 2023 10:05:43 PM io.appium.java_client.remote.AppiumCommandExecutor$1 lambda$0
INFO: Detected dialect: W3C
Jun 22, 2023 10:05:49 PM io.appium.java_client.remote.AppiumCommandExecutor$1 lambda$0
INFO: Detected dialect: W3C
]]></system-err>
  </testcase>
</testsuite>