<?xml version="1.0" encoding="UTF-8"?>
<!-- Generated by org.testng.reporters.JUnitXMLReporter -->
<testsuite ignored="1" hostname="Fatimahs-MacBook-Pro.local" failures="2" tests="3" name="Login" time="242.953" errors="0" timestamp="2022-02-21T12:16:45 WAT">
  <testcase classname="modules.Login" name="ValidloginTest" time="84.688">
    <failure type="org.openqa.selenium.NoSuchElementException" message="An element could not be located on the page using the given search parameters.
For documentation on this error, please visit: https://www.seleniumhq.org/exceptions/no_such_element.html
Build info: version: &amp;apos;3.141.59&amp;apos;, revision: &amp;apos;e82be7d358&amp;apos;, time: &amp;apos;2018-11-14T08:17:03&amp;apos;
System info: host: &amp;apos;Fatimahs-MacBook-Pro.local&amp;apos;, ip: &amp;apos;fe80:0:0:0:471:ba0e:e384:10f9%en0&amp;apos;, os.name: &amp;apos;Mac OS X&amp;apos;, os.arch: &amp;apos;x86_64&amp;apos;, os.version: &amp;apos;11.2.3&amp;apos;, java.version: &amp;apos;17.0.1&amp;apos;
Driver info: io.appium.java_client.android.AndroidDriver
Capabilities {app: /Users/onomoh1/Desktop/Auto..., appActivity: com.eyowo.android.ui.splash..., appPackage: com.eyowo.android.debug, automationName: uiautomator2, databaseEnabled: false, desired: {app: /Users/onomoh1/Desktop/Auto..., appActivity: com.eyowo.android.ui.splash..., appPackage: com.eyowo.android.debug, automationName: uiautomator2, deviceName: Emulator, newCommandTimeout: 2913, platformName: android, platformVersion: 11.0}, deviceApiLevel: 30, deviceManufacturer: Google, deviceModel: sdk_gphone_arm64, deviceName: emulator-5554, deviceScreenDensity: 440, deviceScreenSize: 1080x2280, deviceUDID: emulator-5554, javascriptEnabled: true, locationContextEnabled: false, networkConnectionEnabled: true, newCommandTimeout: 2913, pixelRatio: 2.75, platform: LINUX, platformName: Android, platformVersion: 11, statBarHeight: 66, takesScreenshot: true, viewportRect: {height: 2082, left: 0, top: 66, width: 1080}, warnings: {}, webStorageEnabled: false}
Session ID: e3c521cf-0b4f-4d29-b654-457239a4e55e
*** Element info: {Using=xpath, value=/hierarchy/android.widget.FrameLayout/android.widget.LinearLayout/android.widget.FrameLayout/android.widget.LinearLayout/android.widget.FrameLayout/android.widget.LinearLayout/android.view.ViewGroup/android.widget.FrameLayout/android.widget.FrameLayout/android.view.ViewGroup/android.widget.FrameLayout/android.widget.EditText}">
      <![CDATA[org.openqa.selenium.NoSuchElementException: An element could not be located on the page using the given search parameters.
For documentation on this error, please visit: https://www.seleniumhq.org/exceptions/no_such_element.html
Build info: version: '3.141.59', revision: 'e82be7d358', time: '2018-11-14T08:17:03'
System info: host: 'Fatimahs-MacBook-Pro.local', ip: 'fe80:0:0:0:471:ba0e:e384:10f9%en0', os.name: 'Mac OS X', os.arch: 'x86_64', os.version: '11.2.3', java.version: '17.0.1'
Driver info: io.appium.java_client.android.AndroidDriver
Capabilities {app: /Users/onomoh1/Desktop/Auto..., appActivity: com.eyowo.android.ui.splash..., appPackage: com.eyowo.android.debug, automationName: uiautomator2, databaseEnabled: false, desired: {app: /Users/onomoh1/Desktop/Auto..., appActivity: com.eyowo.android.ui.splash..., appPackage: com.eyowo.android.debug, automationName: uiautomator2, deviceName: Emulator, newCommandTimeout: 2913, platformName: android, platformVersion: 11.0}, deviceApiLevel: 30, deviceManufacturer: Google, deviceModel: sdk_gphone_arm64, deviceName: emulator-5554, deviceScreenDensity: 440, deviceScreenSize: 1080x2280, deviceUDID: emulator-5554, javascriptEnabled: true, locationContextEnabled: false, networkConnectionEnabled: true, newCommandTimeout: 2913, pixelRatio: 2.75, platform: LINUX, platformName: Android, platformVersion: 11, statBarHeight: 66, takesScreenshot: true, viewportRect: {height: 2082, left: 0, top: 66, width: 1080}, warnings: {}, webStorageEnabled: false}
Session ID: e3c521cf-0b4f-4d29-b654-457239a4e55e
*** Element info: {Using=xpath, value=/hierarchy/android.widget.FrameLayout/android.widget.LinearLayout/android.widget.FrameLayout/android.widget.LinearLayout/android.widget.FrameLayout/android.widget.LinearLayout/android.view.ViewGroup/android.widget.FrameLayout/android.widget.FrameLayout/android.view.ViewGroup/android.widget.FrameLayout/android.widget.EditText}
at org.openqa.selenium.remote.http.W3CHttpResponseCodec.createException(W3CHttpResponseCodec.java:187)
at org.openqa.selenium.remote.http.W3CHttpResponseCodec.decode(W3CHttpResponseCodec.java:122)
at org.openqa.selenium.remote.http.W3CHttpResponseCodec.decode(W3CHttpResponseCodec.java:49)
at org.openqa.selenium.remote.HttpCommandExecutor.execute(HttpCommandExecutor.java:158)
at io.appium.java_client.remote.AppiumCommandExecutor.execute(AppiumCommandExecutor.java:250)
at org.openqa.selenium.remote.RemoteWebDriver.execute(RemoteWebDriver.java:552)
at io.appium.java_client.DefaultGenericMobileDriver.execute(DefaultGenericMobileDriver.java:41)
at io.appium.java_client.AppiumDriver.execute(AppiumDriver.java:1)
at io.appium.java_client.android.AndroidDriver.execute(AndroidDriver.java:1)
at org.openqa.selenium.remote.RemoteWebDriver.findElement(RemoteWebDriver.java:323)
at io.appium.java_client.DefaultGenericMobileDriver.findElement(DefaultGenericMobileDriver.java:61)
at io.appium.java_client.AppiumDriver.findElement(AppiumDriver.java:1)
at io.appium.java_client.android.AndroidDriver.findElement(AndroidDriver.java:1)
at org.openqa.selenium.remote.RemoteWebDriver.findElementByXPath(RemoteWebDriver.java:428)
at io.appium.java_client.DefaultGenericMobileDriver.findElementByXPath(DefaultGenericMobileDriver.java:151)
at io.appium.java_client.AppiumDriver.findElementByXPath(AppiumDriver.java:1)
at io.appium.java_client.android.AndroidDriver.findElementByXPath(AndroidDriver.java:1)
at org.openqa.selenium.By$ByXPath.findElement(By.java:353)
at org.openqa.selenium.remote.RemoteWebDriver.findElement(RemoteWebDriver.java:315)
at io.appium.java_client.DefaultGenericMobileDriver.findElement(DefaultGenericMobileDriver.java:57)
at io.appium.java_client.AppiumDriver.findElement(AppiumDriver.java:1)
at io.appium.java_client.android.AndroidDriver.findElement(AndroidDriver.java:1)
at modules.Login.ValidloginTest(Login.java:55)
at java.base/java.util.ArrayList.forEach(ArrayList.java:1511)
... Removed 32 stack frames]]>
    </failure>
  </testcase> <!-- ValidloginTest -->
  <testcase classname="modules.Login" name="InvalidloginTest" time="84.152">
    <failure type="org.openqa.selenium.NoSuchElementException" message="An element could not be located on the page using the given search parameters.
For documentation on this error, please visit: https://www.seleniumhq.org/exceptions/no_such_element.html
Build info: version: &amp;apos;3.141.59&amp;apos;, revision: &amp;apos;e82be7d358&amp;apos;, time: &amp;apos;2018-11-14T08:17:03&amp;apos;
System info: host: &amp;apos;Fatimahs-MacBook-Pro.local&amp;apos;, ip: &amp;apos;fe80:0:0:0:471:ba0e:e384:10f9%en0&amp;apos;, os.name: &amp;apos;Mac OS X&amp;apos;, os.arch: &amp;apos;x86_64&amp;apos;, os.version: &amp;apos;11.2.3&amp;apos;, java.version: &amp;apos;17.0.1&amp;apos;
Driver info: io.appium.java_client.android.AndroidDriver
Capabilities {app: /Users/onomoh1/Desktop/Auto..., appActivity: com.eyowo.android.ui.splash..., appPackage: com.eyowo.android.debug, automationName: uiautomator2, databaseEnabled: false, desired: {app: /Users/onomoh1/Desktop/Auto..., appActivity: com.eyowo.android.ui.splash..., appPackage: com.eyowo.android.debug, automationName: uiautomator2, deviceName: Emulator, newCommandTimeout: 2913, platformName: android, platformVersion: 11.0}, deviceApiLevel: 30, deviceManufacturer: Google, deviceModel: sdk_gphone_arm64, deviceName: emulator-5554, deviceScreenDensity: 440, deviceScreenSize: 1080x2280, deviceUDID: emulator-5554, javascriptEnabled: true, locationContextEnabled: false, networkConnectionEnabled: true, newCommandTimeout: 2913, pixelRatio: 2.75, platform: LINUX, platformName: Android, platformVersion: 11, statBarHeight: 66, takesScreenshot: true, viewportRect: {height: 2082, left: 0, top: 66, width: 1080}, warnings: {}, webStorageEnabled: false}
Session ID: a999a815-76ae-42a4-bdaf-ad7d3cf8c583
*** Element info: {Using=xpath, value=/hierarchy/android.widget.FrameLayout/android.widget.LinearLayout/android.widget.FrameLayout/android.widget.LinearLayout/android.widget.FrameLayout/android.widget.LinearLayout/android.view.ViewGroup/android.widget.FrameLayout/android.widget.FrameLayout/android.view.ViewGroup/android.widget.FrameLayout/android.widget.EditText}">
      <![CDATA[org.openqa.selenium.NoSuchElementException: An element could not be located on the page using the given search parameters.
For documentation on this error, please visit: https://www.seleniumhq.org/exceptions/no_such_element.html
Build info: version: '3.141.59', revision: 'e82be7d358', time: '2018-11-14T08:17:03'
System info: host: 'Fatimahs-MacBook-Pro.local', ip: 'fe80:0:0:0:471:ba0e:e384:10f9%en0', os.name: 'Mac OS X', os.arch: 'x86_64', os.version: '11.2.3', java.version: '17.0.1'
Driver info: io.appium.java_client.android.AndroidDriver
Capabilities {app: /Users/onomoh1/Desktop/Auto..., appActivity: com.eyowo.android.ui.splash..., appPackage: com.eyowo.android.debug, automationName: uiautomator2, databaseEnabled: false, desired: {app: /Users/onomoh1/Desktop/Auto..., appActivity: com.eyowo.android.ui.splash..., appPackage: com.eyowo.android.debug, automationName: uiautomator2, deviceName: Emulator, newCommandTimeout: 2913, platformName: android, platformVersion: 11.0}, deviceApiLevel: 30, deviceManufacturer: Google, deviceModel: sdk_gphone_arm64, deviceName: emulator-5554, deviceScreenDensity: 440, deviceScreenSize: 1080x2280, deviceUDID: emulator-5554, javascriptEnabled: true, locationContextEnabled: false, networkConnectionEnabled: true, newCommandTimeout: 2913, pixelRatio: 2.75, platform: LINUX, platformName: Android, platformVersion: 11, statBarHeight: 66, takesScreenshot: true, viewportRect: {height: 2082, left: 0, top: 66, width: 1080}, warnings: {}, webStorageEnabled: false}
Session ID: a999a815-76ae-42a4-bdaf-ad7d3cf8c583
*** Element info: {Using=xpath, value=/hierarchy/android.widget.FrameLayout/android.widget.LinearLayout/android.widget.FrameLayout/android.widget.LinearLayout/android.widget.FrameLayout/android.widget.LinearLayout/android.view.ViewGroup/android.widget.FrameLayout/android.widget.FrameLayout/android.view.ViewGroup/android.widget.FrameLayout/android.widget.EditText}
at org.openqa.selenium.remote.http.W3CHttpResponseCodec.createException(W3CHttpResponseCodec.java:187)
at org.openqa.selenium.remote.http.W3CHttpResponseCodec.decode(W3CHttpResponseCodec.java:122)
at org.openqa.selenium.remote.http.W3CHttpResponseCodec.decode(W3CHttpResponseCodec.java:49)
at org.openqa.selenium.remote.HttpCommandExecutor.execute(HttpCommandExecutor.java:158)
at io.appium.java_client.remote.AppiumCommandExecutor.execute(AppiumCommandExecutor.java:250)
at org.openqa.selenium.remote.RemoteWebDriver.execute(RemoteWebDriver.java:552)
at io.appium.java_client.DefaultGenericMobileDriver.execute(DefaultGenericMobileDriver.java:41)
at io.appium.java_client.AppiumDriver.execute(AppiumDriver.java:1)
at io.appium.java_client.android.AndroidDriver.execute(AndroidDriver.java:1)
at org.openqa.selenium.remote.RemoteWebDriver.findElement(RemoteWebDriver.java:323)
at io.appium.java_client.DefaultGenericMobileDriver.findElement(DefaultGenericMobileDriver.java:61)
at io.appium.java_client.AppiumDriver.findElement(AppiumDriver.java:1)
at io.appium.java_client.android.AndroidDriver.findElement(AndroidDriver.java:1)
at org.openqa.selenium.remote.RemoteWebDriver.findElementByXPath(RemoteWebDriver.java:428)
at io.appium.java_client.DefaultGenericMobileDriver.findElementByXPath(DefaultGenericMobileDriver.java:151)
at io.appium.java_client.AppiumDriver.findElementByXPath(AppiumDriver.java:1)
at io.appium.java_client.android.AndroidDriver.findElementByXPath(AndroidDriver.java:1)
at org.openqa.selenium.By$ByXPath.findElement(By.java:353)
at org.openqa.selenium.remote.RemoteWebDriver.findElement(RemoteWebDriver.java:315)
at io.appium.java_client.DefaultGenericMobileDriver.findElement(DefaultGenericMobileDriver.java:57)
at io.appium.java_client.AppiumDriver.findElement(AppiumDriver.java:1)
at io.appium.java_client.android.AndroidDriver.findElement(AndroidDriver.java:1)
at modules.Login.InvalidloginTest(Login.java:106)
at java.base/java.util.ArrayList.forEach(ArrayList.java:1511)
... Removed 32 stack frames]]>
    </failure>
  </testcase> <!-- InvalidloginTest -->
  <testcase classname="modules.SignUp" name="SignUpTest" time="30.572"/>
  <testcase classname="com.Base.TestBase" name="@BeforeSuite setUp" time="0.0">
    <ignored/>
  </testcase> <!-- @BeforeSuite setUp -->
</testsuite> <!-- Login -->
