<?xml version="1.0" encoding="UTF-8"?>
<!-- Generated by org.testng.reporters.JUnitXMLReporter -->
<testsuite ignored="0" hostname="Fatimahs-MBP.lan" failures="1" tests="1" name="Test" time="75.307" errors="0" timestamp="2022-01-29T15:33:02 WAT">
  <testcase classname="com.Base.TestBase" name="@AfterMethod captureStatus" time="0.003">
    <failure type="java.lang.NullPointerException" message="Cannot invoke &amp;quot;org.openqa.selenium.TakesScreenshot.getScreenshotAs(org.openqa.selenium.OutputType)&amp;quot; because &amp;quot;ts&amp;quot; is null">
      <![CDATA[java.lang.NullPointerException: Cannot invoke "org.openqa.selenium.TakesScreenshot.getScreenshotAs(org.openqa.selenium.OutputType)" because "ts" is null
at util.TestUtils.addScreenshot(TestUtils.java:275)
at com.Base.TestBase.captureStatus(TestBase.java:134)
at java.base/java.util.ArrayList.forEach(ArrayList.java:1511)
... Removed 32 stack frames]]>
    </failure>
  </testcase> <!-- @AfterMethod captureStatus -->
  <testcase classname="modules.Login" name="ValidloginTest" time="60.462">
    <failure type="org.openqa.selenium.WebDriverException" message="An unknown server-side error occurred while processing the command. Original error: Could not proxy command to remote server. Original error: Error: socket hang up
Build info: version: &amp;apos;3.141.59&amp;apos;, revision: &amp;apos;e82be7d358&amp;apos;, time: &amp;apos;2018-11-14T08:17:03&amp;apos;
System info: host: &amp;apos;Fatimahs-MBP.lan&amp;apos;, ip: &amp;apos;fd01:0:0:0:8d5c:9422:b931:7461%en0&amp;apos;, os.name: &amp;apos;Mac OS X&amp;apos;, os.arch: &amp;apos;x86_64&amp;apos;, os.version: &amp;apos;11.2.3&amp;apos;, java.version: &amp;apos;17.0.1&amp;apos;
Driver info: io.appium.java_client.android.AndroidDriver
Capabilities {app: /Users/onomoh1/Desktop/Auto..., appActivity: com.eyowo.android.ui.splash..., appPackage: com.eyowo.android.debug, automationName: uiautomator2, databaseEnabled: false, desired: {app: /Users/onomoh1/Desktop/Auto..., appActivity: com.eyowo.android.ui.splash..., appPackage: com.eyowo.android.debug, automationName: uiautomator2, deviceName: Emulator, platformName: android, platformVersion: 11.0}, deviceApiLevel: 30, deviceManufacturer: Google, deviceModel: sdk_gphone_arm64, deviceName: emulator-5554, deviceScreenDensity: 440, deviceScreenSize: 1080x2280, deviceUDID: emulator-5554, javascriptEnabled: true, locationContextEnabled: false, networkConnectionEnabled: true, pixelRatio: 2.75, platform: LINUX, platformName: Android, platformVersion: 11, statBarHeight: 66, takesScreenshot: true, viewportRect: {height: 2082, left: 0, top: 66, width: 1080}, warnings: {}, webStorageEnabled: false}
Session ID: 93e85d90-7b6a-4700-9ce8-5bb7247ee891
*** Element info: {Using=id, value=com.eyowo.android.debug:id/trails_header}">
      <![CDATA[org.openqa.selenium.WebDriverException: An unknown server-side error occurred while processing the command. Original error: Could not proxy command to remote server. Original error: Error: socket hang up
Build info: version: '3.141.59', revision: 'e82be7d358', time: '2018-11-14T08:17:03'
System info: host: 'Fatimahs-MBP.lan', ip: 'fd01:0:0:0:8d5c:9422:b931:7461%en0', os.name: 'Mac OS X', os.arch: 'x86_64', os.version: '11.2.3', java.version: '17.0.1'
Driver info: io.appium.java_client.android.AndroidDriver
Capabilities {app: /Users/onomoh1/Desktop/Auto..., appActivity: com.eyowo.android.ui.splash..., appPackage: com.eyowo.android.debug, automationName: uiautomator2, databaseEnabled: false, desired: {app: /Users/onomoh1/Desktop/Auto..., appActivity: com.eyowo.android.ui.splash..., appPackage: com.eyowo.android.debug, automationName: uiautomator2, deviceName: Emulator, platformName: android, platformVersion: 11.0}, deviceApiLevel: 30, deviceManufacturer: Google, deviceModel: sdk_gphone_arm64, deviceName: emulator-5554, deviceScreenDensity: 440, deviceScreenSize: 1080x2280, deviceUDID: emulator-5554, javascriptEnabled: true, locationContextEnabled: false, networkConnectionEnabled: true, pixelRatio: 2.75, platform: LINUX, platformName: Android, platformVersion: 11, statBarHeight: 66, takesScreenshot: true, viewportRect: {height: 2082, left: 0, top: 66, width: 1080}, warnings: {}, webStorageEnabled: false}
Session ID: 93e85d90-7b6a-4700-9ce8-5bb7247ee891
*** Element info: {Using=id, value=com.eyowo.android.debug:id/trails_header}
at org.openqa.selenium.remote.http.W3CHttpResponseCodec.createException(W3CHttpResponseCodec.java:187)
at org.openqa.selenium.remote.http.W3CHttpResponseCodec.decode(W3CHttpResponseCodec.java:122)
at org.openqa.selenium.remote.http.W3CHttpResponseCodec.decode(W3CHttpResponseCodec.java:49)
at org.openqa.selenium.remote.HttpCommandExecutor.execute(HttpCommandExecutor.java:158)
at io.appium.java_client.remote.AppiumCommandExecutor.execute(AppiumCommandExecutor.java:247)
at org.openqa.selenium.remote.RemoteWebDriver.execute(RemoteWebDriver.java:552)
at io.appium.java_client.DefaultGenericMobileDriver.execute(DefaultGenericMobileDriver.java:41)
at io.appium.java_client.AppiumDriver.execute(AppiumDriver.java:1)
at io.appium.java_client.android.AndroidDriver.execute(AndroidDriver.java:1)
at org.openqa.selenium.remote.RemoteWebDriver.findElement(RemoteWebDriver.java:323)
at io.appium.java_client.DefaultGenericMobileDriver.findElement(DefaultGenericMobileDriver.java:61)
at io.appium.java_client.AppiumDriver.findElement(AppiumDriver.java:1)
at io.appium.java_client.android.AndroidDriver.findElement(AndroidDriver.java:1)
at org.openqa.selenium.remote.RemoteWebDriver.findElementById(RemoteWebDriver.java:372)
at io.appium.java_client.DefaultGenericMobileDriver.findElementById(DefaultGenericMobileDriver.java:69)
at io.appium.java_client.AppiumDriver.findElementById(AppiumDriver.java:1)
at io.appium.java_client.android.AndroidDriver.findElementById(AndroidDriver.java:1)
at org.openqa.selenium.By$ById.findElement(By.java:188)
at org.openqa.selenium.remote.RemoteWebDriver.findElement(RemoteWebDriver.java:315)
at io.appium.java_client.DefaultGenericMobileDriver.findElement(DefaultGenericMobileDriver.java:57)
at io.appium.java_client.AppiumDriver.findElement(AppiumDriver.java:1)
at io.appium.java_client.android.AndroidDriver.findElement(AndroidDriver.java:1)
at modules.Login.ValidloginTest(Login.java:60)
at java.base/java.util.ArrayList.forEach(ArrayList.java:1511)
... Removed 32 stack frames]]>
    </failure>
  </testcase> <!-- ValidloginTest -->
</testsuite> <!-- Test -->
